

*******************************************************************************
Fri Nov 28 11:53:45 2025


FIT:    data read from "Na-22 Photopeak.txt" using 1:2
        format = x:z
        #datapoints = 71
        residuals are weighted equally (unit weight)

function used for fitting: f(x)
	f(x) = A * exp((-(x-mu)**2)/(2*sigma**2))
fitted parameters initialized with current variable values

iter      chisq       delta/lim  lambda   A             mu            sigma        
   0 7.2243734953e+09   0.00e+00  2.84e+04    1.800000e+04   2.060000e+02   3.500000e+01
   6 5.0473785564e+07  -2.33e-01  2.84e-02    1.852337e+04   2.056499e+02   8.731136e+00

After 6 iterations the fit converged.
final sum of squares of residuals : 5.04738e+07
rel. change during last iteration : -2.32858e-06

degrees of freedom    (FIT_NDF)                        : 68
rms of residuals      (FIT_STDFIT) = sqrt(WSSR/ndf)    : 861.546
variance of residuals (reduced chisquare) = WSSR/ndf   : 742262

Final set of parameters            Asymptotic Standard Error
=======================            ==========================
A               = 18523.4          +/- 268.2        (1.448%)
mu              = 205.65           +/- 0.146        (0.071%)
sigma           = 8.73114          +/- 0.146        (1.672%)

correlation matrix of the fit parameters:
                A      mu     sigma  
A               1.000 
mu              0.014  1.000 
sigma          -0.577 -0.012  1.000 


*******************************************************************************
Fri Nov 28 11:57:36 2025


FIT:    data read from "Na-22 Photopeak.txt" using 1:2
        format = x:z
        #datapoints = 51
        residuals are weighted equally (unit weight)

function used for fitting: f(x)
	f(x) = A * exp((-(x-mu)**2)/(2*sigma**2))
fitted parameters initialized with current variable values

iter      chisq       delta/lim  lambda   A             mu            sigma        
   0 7.9868940156e+07   0.00e+00  8.94e+04    1.800000e+04   2.060000e+02   1.000000e+01
   5 1.8383098406e+07  -6.51e-01  8.94e-01    1.856846e+04   2.056556e+02   8.684718e+00

After 5 iterations the fit converged.
final sum of squares of residuals : 1.83831e+07
rel. change during last iteration : -6.51456e-06

degrees of freedom    (FIT_NDF)                        : 48
rms of residuals      (FIT_STDFIT) = sqrt(WSSR/ndf)    : 618.855
variance of residuals (reduced chisquare) = WSSR/ndf   : 382981

Final set of parameters            Asymptotic Standard Error
=======================            ==========================
A               = 18568.5          +/- 193.3        (1.041%)
mu              = 205.656          +/- 0.1044       (0.05076%)
sigma           = 8.68472          +/- 0.1046       (1.205%)

correlation matrix of the fit parameters:
                A      mu     sigma  
A               1.000 
mu              0.013  1.000 
sigma          -0.578 -0.011  1.000 


*******************************************************************************
Fri Nov 28 12:05:38 2025


FIT:    data read from "Na-22 Photopeak.txt" using 1:2
        format = x:z
        #datapoints = 66
        residuals are weighted equally (unit weight)

function used for fitting: f(x)
	f(x) = A * exp((-(x-mu)**2)/(2*sigma**2))
fitted parameters initialized with current variable values

iter      chisq       delta/lim  lambda   A             mu            sigma        
   0 9.7315533340e+07   0.00e+00  7.88e+04    1.800000e+04   2.060000e+02   1.000000e+01
   6 4.0650660054e+07  -7.03e-02  7.88e-02    1.852417e+04   2.056501e+02   8.730347e+00

After 6 iterations the fit converged.
final sum of squares of residuals : 4.06507e+07
rel. change during last iteration : -7.03441e-07

degrees of freedom    (FIT_NDF)                        : 63
rms of residuals      (FIT_STDFIT) = sqrt(WSSR/ndf)    : 803.274
variance of residuals (reduced chisquare) = WSSR/ndf   : 645249

Final set of parameters            Asymptotic Standard Error
=======================            ==========================
A               = 18524.2          +/- 250.1        (1.35%)
mu              = 205.65           +/- 0.1361       (0.06619%)
sigma           = 8.73035          +/- 0.1361       (1.559%)

correlation matrix of the fit parameters:
                A      mu     sigma  
A               1.000 
mu              0.014  1.000 
sigma          -0.577 -0.012  1.000 
