

*******************************************************************************
Mon Nov 11 17:30:28 2024


FIT:    data read from "Data.txt"
        format = z
        #datapoints = 34
        residuals are weighted equally (unit weight)

function used for fitting: gauss(x)
	gauss(x)=a/(sigma*sqrt(2.*pi))*exp(-(x-mu)**2./(2.*sigma**2))
fitted parameters initialized with current variable values

iter      chisq       delta/lim  lambda   a             sigma         mu           
   0 2.5901843459e+00   0.00e+00  9.99e-02    1.000000e+00   1.000000e+00   1.000000e+00
  13 2.4958968133e-02  -2.27e-01  9.99e-07    4.370608e+00   4.169712e+00   6.817706e+00

After 13 iterations the fit converged.
final sum of squares of residuals : 0.024959
rel. change during last iteration : -2.27111e-06

degrees of freedom    (FIT_NDF)                        : 31
rms of residuals      (FIT_STDFIT) = sqrt(WSSR/ndf)    : 0.0283748
variance of residuals (reduced chisquare) = WSSR/ndf   : 0.000805128

Final set of parameters            Asymptotic Standard Error
=======================            ==========================
a               = 4.37061          +/- 0.1043       (2.387%)
sigma           = 4.16971          +/- 0.1225       (2.938%)
mu              = 6.81771          +/- 0.1107       (1.623%)

correlation matrix of the fit parameters:
                a      sigma  mu     
a               1.000 
sigma           0.667  1.000 
mu             -0.135 -0.165  1.000 
